<?xml version="1.0" encoding="UTF-8"?>
<testsuites name="jest tests" tests="112" failures="0" errors="0" time="24.369">
  <testsuite name="Poll E2E" errors="0" failures="0" skipped="0" timestamp="2025-11-30T15:58:54" time="9.068" tests="26">
    <testcase classname="Poll E2E POST /polls (Create Poll) should create a new poll with valid data" name="Poll E2E POST /polls (Create Poll) should create a new poll with valid data" time="0.46">
    </testcase>
    <testcase classname="Poll E2E POST /polls (Create Poll) should create a private poll" name="Poll E2E POST /polls (Create Poll) should create a private poll" time="0.297">
    </testcase>
    <testcase classname="Poll E2E POST /polls (Create Poll) should return 401 when creating poll without authentication" name="Poll E2E POST /polls (Create Poll) should return 401 when creating poll without authentication" time="0.22">
    </testcase>
    <testcase classname="Poll E2E POST /polls (Create Poll) should return 401 with invalid token" name="Poll E2E POST /polls (Create Poll) should return 401 with invalid token" time="0.205">
    </testcase>
    <testcase classname="Poll E2E POST /polls (Create Poll) should return 400 for missing title" name="Poll E2E POST /polls (Create Poll) should return 400 for missing title" time="0.217">
    </testcase>
    <testcase classname="Poll E2E POST /polls (Create Poll) should return 400 for missing description" name="Poll E2E POST /polls (Create Poll) should return 400 for missing description" time="0.221">
    </testcase>
    <testcase classname="Poll E2E POST /polls (Create Poll) should return 400 for missing type" name="Poll E2E POST /polls (Create Poll) should return 400 for missing type" time="0.214">
    </testcase>
    <testcase classname="Poll E2E POST /polls (Create Poll) should return 400 for invalid type" name="Poll E2E POST /polls (Create Poll) should return 400 for invalid type" time="0.21">
    </testcase>
    <testcase classname="Poll E2E POST /polls (Create Poll) should return 400 for missing options" name="Poll E2E POST /polls (Create Poll) should return 400 for missing options" time="0.208">
    </testcase>
    <testcase classname="Poll E2E POST /polls (Create Poll) should return 400 for less than 2 options" name="Poll E2E POST /polls (Create Poll) should return 400 for less than 2 options" time="0.213">
    </testcase>
    <testcase classname="Poll E2E POST /polls (Create Poll) should return 400 for empty options array" name="Poll E2E POST /polls (Create Poll) should return 400 for empty options array" time="0.212">
    </testcase>
    <testcase classname="Poll E2E POST /polls (Create Poll) should return 400 for non-string options" name="Poll E2E POST /polls (Create Poll) should return 400 for non-string options" time="0.214">
    </testcase>
    <testcase classname="Poll E2E GET /polls (List All Polls) should list polls with default pagination" name="Poll E2E GET /polls (List All Polls) should list polls with default pagination" time="0.275">
    </testcase>
    <testcase classname="Poll E2E GET /polls (List All Polls) should respect custom page parameter" name="Poll E2E GET /polls (List All Polls) should respect custom page parameter" time="0.26">
    </testcase>
    <testcase classname="Poll E2E GET /polls (List All Polls) should respect custom limit parameter" name="Poll E2E GET /polls (List All Polls) should respect custom limit parameter" time="0.229">
    </testcase>
    <testcase classname="Poll E2E GET /polls (List All Polls) should combine page and limit parameters" name="Poll E2E GET /polls (List All Polls) should combine page and limit parameters" time="0.212">
    </testcase>
    <testcase classname="Poll E2E GET /polls (List All Polls) should search polls by title" name="Poll E2E GET /polls (List All Polls) should search polls by title" time="0.258">
    </testcase>
    <testcase classname="Poll E2E GET /polls (List All Polls) should search polls by description" name="Poll E2E GET /polls (List All Polls) should search polls by description" time="0.257">
    </testcase>
    <testcase classname="Poll E2E GET /polls (List All Polls) should return empty results for non-matching search" name="Poll E2E GET /polls (List All Polls) should return empty results for non-matching search" time="0.217">
    </testcase>
    <testcase classname="Poll E2E GET /polls (List All Polls) should work without authentication" name="Poll E2E GET /polls (List All Polls) should work without authentication" time="0.225">
    </testcase>
    <testcase classname="Poll E2E GET /polls/:id (Get Poll By ID) should get poll by id with complete structure" name="Poll E2E GET /polls/:id (Get Poll By ID) should get poll by id with complete structure" time="0.254">
    </testcase>
    <testcase classname="Poll E2E GET /polls/:id (Get Poll By ID) should get poll by id without authentication" name="Poll E2E GET /polls/:id (Get Poll By ID) should get poll by id without authentication" time="0.253">
    </testcase>
    <testcase classname="Poll E2E GET /polls/:id (Get Poll By ID) should get poll by id with authentication" name="Poll E2E GET /polls/:id (Get Poll By ID) should get poll by id with authentication" time="0.257">
    </testcase>
    <testcase classname="Poll E2E GET /polls/:id (Get Poll By ID) should return 404 for non-existent poll id" name="Poll E2E GET /polls/:id (Get Poll By ID) should return 404 for non-existent poll id" time="0.244">
    </testcase>
    <testcase classname="Poll E2E Poll Flow Integration should complete full poll creation and retrieval flow" name="Poll E2E Poll Flow Integration should complete full poll creation and retrieval flow" time="0.286">
    </testcase>
    <testcase classname="Poll E2E Poll Flow Integration should handle multiple users creating polls independently" name="Poll E2E Poll Flow Integration should handle multiple users creating polls independently" time="0.403">
    </testcase>
  </testsuite>
  <testsuite name="Poll WebSocket E2E" errors="0" failures="0" skipped="0" timestamp="2025-11-30T15:59:03" time="5.788" tests="11">
    <testcase classname="Poll WebSocket E2E WebSocket Connection should connect to websocket server" name="Poll WebSocket E2E WebSocket Connection should connect to websocket server" time="0.148">
    </testcase>
    <testcase classname="Poll WebSocket E2E WebSocket Connection should respond to ping with pong" name="Poll WebSocket E2E WebSocket Connection should respond to ping with pong" time="0.123">
    </testcase>
    <testcase classname="Poll WebSocket E2E Join Poll Room should join a poll room successfully" name="Poll WebSocket E2E Join Poll Room should join a poll room successfully" time="0.128">
    </testcase>
    <testcase classname="Poll WebSocket E2E Join Poll Room should allow multiple clients to join the same poll room" name="Poll WebSocket E2E Join Poll Room should allow multiple clients to join the same poll room" time="0.14">
    </testcase>
    <testcase classname="Poll WebSocket E2E Poll Updates via WebSocket should broadcast pollUpdated event when a vote is created" name="Poll WebSocket E2E Poll Updates via WebSocket should broadcast pollUpdated event when a vote is created" time="0.197">
    </testcase>
    <testcase classname="Poll WebSocket E2E Poll Updates via WebSocket should broadcast to all clients in the poll room" name="Poll WebSocket E2E Poll Updates via WebSocket should broadcast to all clients in the poll room" time="0.28">
    </testcase>
    <testcase classname="Poll WebSocket E2E Poll Updates via WebSocket should NOT broadcast to clients NOT in the poll room" name="Poll WebSocket E2E Poll Updates via WebSocket should NOT broadcast to clients NOT in the poll room" time="2.275">
    </testcase>
    <testcase classname="Poll WebSocket E2E Poll Updates via WebSocket should broadcast pollUpdated event when a vote is removed" name="Poll WebSocket E2E Poll Updates via WebSocket should broadcast pollUpdated event when a vote is removed" time="0.704">
    </testcase>
    <testcase classname="Poll WebSocket E2E Poll Updates via WebSocket should receive updated percentages when multiple votes exist" name="Poll WebSocket E2E Poll Updates via WebSocket should receive updated percentages when multiple votes exist" time="0.254">
    </testcase>
    <testcase classname="Poll WebSocket E2E Connection Error Handling should handle disconnection gracefully" name="Poll WebSocket E2E Connection Error Handling should handle disconnection gracefully" time="0.118">
    </testcase>
    <testcase classname="Poll WebSocket E2E Connection Error Handling should be able to reconnect after disconnection" name="Poll WebSocket E2E Connection Error Handling should be able to reconnect after disconnection" time="0.337">
    </testcase>
  </testsuite>
  <testsuite name="Vote E2E" errors="0" failures="0" skipped="0" timestamp="2025-11-30T15:59:08" time="2.441" tests="20">
    <testcase classname="Vote E2E PATCH /polls/:pollId/vote (Create Vote) should create a vote with valid data" name="Vote E2E PATCH /polls/:pollId/vote (Create Vote) should create a vote with valid data" time="0.058">
    </testcase>
    <testcase classname="Vote E2E PATCH /polls/:pollId/vote (Create Vote) should return 409 when voting again on same poll" name="Vote E2E PATCH /polls/:pollId/vote (Create Vote) should return 409 when voting again on same poll" time="0.091">
    </testcase>
    <testcase classname="Vote E2E PATCH /polls/:pollId/vote (Create Vote) should return 401 when voting without authentication" name="Vote E2E PATCH /polls/:pollId/vote (Create Vote) should return 401 when voting without authentication" time="0.015">
    </testcase>
    <testcase classname="Vote E2E PATCH /polls/:pollId/vote (Create Vote) should return 401 with invalid token" name="Vote E2E PATCH /polls/:pollId/vote (Create Vote) should return 401 with invalid token" time="0.018">
    </testcase>
    <testcase classname="Vote E2E PATCH /polls/:pollId/vote (Create Vote) should return 400 for missing optionId" name="Vote E2E PATCH /polls/:pollId/vote (Create Vote) should return 400 for missing optionId" time="0.021">
    </testcase>
    <testcase classname="Vote E2E PATCH /polls/:pollId/vote (Create Vote) should return 400 for invalid optionId format" name="Vote E2E PATCH /polls/:pollId/vote (Create Vote) should return 400 for invalid optionId format" time="0.02">
    </testcase>
    <testcase classname="Vote E2E PATCH /polls/:pollId/vote (Create Vote) should return 400 for non-string optionId" name="Vote E2E PATCH /polls/:pollId/vote (Create Vote) should return 400 for non-string optionId" time="0.022">
    </testcase>
    <testcase classname="Vote E2E PATCH /polls/:pollId/vote (Create Vote) should return 400 for empty optionId" name="Vote E2E PATCH /polls/:pollId/vote (Create Vote) should return 400 for empty optionId" time="0.019">
    </testcase>
    <testcase classname="Vote E2E PATCH /polls/:pollId/vote (Create Vote) should return 404 for non-existent poll" name="Vote E2E PATCH /polls/:pollId/vote (Create Vote) should return 404 for non-existent poll" time="0.027">
    </testcase>
    <testcase classname="Vote E2E PATCH /polls/:pollId/vote (Create Vote) should return 404 for non-existent option" name="Vote E2E PATCH /polls/:pollId/vote (Create Vote) should return 404 for non-existent option" time="0.03">
    </testcase>
    <testcase classname="Vote E2E PATCH /polls/:pollId/vote (Create Vote) should return 409 for option from different poll" name="Vote E2E PATCH /polls/:pollId/vote (Create Vote) should return 409 for option from different poll" time="0.037">
    </testcase>
    <testcase classname="Vote E2E DELETE /polls/:pollId/vote (Remove Vote) should remove vote successfully" name="Vote E2E DELETE /polls/:pollId/vote (Remove Vote) should remove vote successfully" time="0.068">
    </testcase>
    <testcase classname="Vote E2E DELETE /polls/:pollId/vote (Remove Vote) should return 401 when removing vote without authentication" name="Vote E2E DELETE /polls/:pollId/vote (Remove Vote) should return 401 when removing vote without authentication" time="0.012">
    </testcase>
    <testcase classname="Vote E2E DELETE /polls/:pollId/vote (Remove Vote) should return 401 with invalid token" name="Vote E2E DELETE /polls/:pollId/vote (Remove Vote) should return 401 with invalid token" time="0.015">
    </testcase>
    <testcase classname="Vote E2E DELETE /polls/:pollId/vote (Remove Vote) should return 404 for non-existent poll" name="Vote E2E DELETE /polls/:pollId/vote (Remove Vote) should return 404 for non-existent poll" time="0.022">
    </testcase>
    <testcase classname="Vote E2E DELETE /polls/:pollId/vote (Remove Vote) should return 404 when removing non-existent vote" name="Vote E2E DELETE /polls/:pollId/vote (Remove Vote) should return 404 when removing non-existent vote" time="0.059">
    </testcase>
    <testcase classname="Vote E2E DELETE /polls/:pollId/vote (Remove Vote) should return 204 with no content" name="Vote E2E DELETE /polls/:pollId/vote (Remove Vote) should return 204 with no content" time="0.123">
    </testcase>
    <testcase classname="Vote E2E Vote Flow Integration should complete full vote lifecycle" name="Vote E2E Vote Flow Integration should complete full vote lifecycle" time="0.234">
    </testcase>
    <testcase classname="Vote E2E Vote Flow Integration should handle multiple users voting on same poll" name="Vote E2E Vote Flow Integration should handle multiple users voting on same poll" time="0.165">
    </testcase>
    <testcase classname="Vote E2E Vote Flow Integration should maintain vote integrity when users vote on same poll" name="Vote E2E Vote Flow Integration should maintain vote integrity when users vote on same poll" time="0.16">
    </testcase>
  </testsuite>
  <testsuite name="Poll Close E2E" errors="0" failures="0" skipped="0" timestamp="2025-11-30T15:59:11" time="2.176" tests="5">
    <testcase classname="Poll Close E2E PATCH /polls/:id/close should close a poll successfully when requested by the creator" name="Poll Close E2E PATCH /polls/:id/close should close a poll successfully when requested by the creator" time="0.33">
    </testcase>
    <testcase classname="Poll Close E2E PATCH /polls/:id/close should return 403 when a non-creator tries to close the poll" name="Poll Close E2E PATCH /polls/:id/close should return 403 when a non-creator tries to close the poll" time="0.248">
    </testcase>
    <testcase classname="Poll Close E2E PATCH /polls/:id/close should return 401 when unauthenticated user tries to close the poll" name="Poll Close E2E PATCH /polls/:id/close should return 401 when unauthenticated user tries to close the poll" time="0.236">
    </testcase>
    <testcase classname="Poll Close E2E PATCH /polls/:id/close should return 404 when trying to close a non-existent poll" name="Poll Close E2E PATCH /polls/:id/close should return 404 when trying to close a non-existent poll" time="0.246">
    </testcase>
    <testcase classname="Poll Close E2E PATCH /polls/:id/close should prevent voting on a closed poll" name="Poll Close E2E PATCH /polls/:id/close should prevent voting on a closed poll" time="0.286">
    </testcase>
  </testsuite>
  <testsuite name="User E2E" errors="0" failures="0" skipped="0" timestamp="2025-11-30T15:59:13" time="2.139" tests="25">
    <testcase classname="User E2E POST /users (Create User) should create a new user with valid data" name="User E2E POST /users (Create User) should create a new user with valid data" time="0.089">
    </testcase>
    <testcase classname="User E2E POST /users (Create User) should create another user for testing" name="User E2E POST /users (Create User) should create another user for testing" time="0.048">
    </testcase>
    <testcase classname="User E2E POST /users (Create User) should return 400 for missing name" name="User E2E POST /users (Create User) should return 400 for missing name" time="0.019">
    </testcase>
    <testcase classname="User E2E POST /users (Create User) should return 400 for missing email" name="User E2E POST /users (Create User) should return 400 for missing email" time="0.019">
    </testcase>
    <testcase classname="User E2E POST /users (Create User) should return 400 for missing password" name="User E2E POST /users (Create User) should return 400 for missing password" time="0.017">
    </testcase>
    <testcase classname="User E2E POST /users (Create User) should return 400 for invalid email format" name="User E2E POST /users (Create User) should return 400 for invalid email format" time="0.017">
    </testcase>
    <testcase classname="User E2E POST /users (Create User) should return 400 for password shorter than 6 characters" name="User E2E POST /users (Create User) should return 400 for password shorter than 6 characters" time="0.019">
    </testcase>
    <testcase classname="User E2E POST /users (Create User) should return 400 for empty name" name="User E2E POST /users (Create User) should return 400 for empty name" time="0.018">
    </testcase>
    <testcase classname="User E2E POST /users (Create User) should return 400 for empty email" name="User E2E POST /users (Create User) should return 400 for empty email" time="0.018">
    </testcase>
    <testcase classname="User E2E POST /users (Create User) should return 400 for empty password" name="User E2E POST /users (Create User) should return 400 for empty password" time="0.017">
    </testcase>
    <testcase classname="User E2E POST /users (Create User) should return 400 or 409 for duplicate email" name="User E2E POST /users (Create User) should return 400 or 409 for duplicate email" time="0.023">
    </testcase>
    <testcase classname="User E2E POST /users (Create User) should return 400 for non-string name" name="User E2E POST /users (Create User) should return 400 for non-string name" time="0.017">
    </testcase>
    <testcase classname="User E2E POST /users (Create User) should return 400 for non-string password" name="User E2E POST /users (Create User) should return 400 for non-string password" time="0.024">
    </testcase>
    <testcase classname="User E2E GET /users (List All Users) should list all users with authentication" name="User E2E GET /users (List All Users) should list all users with authentication" time="0.033">
    </testcase>
    <testcase classname="User E2E GET /users (List All Users) should return 401 when listing users without authentication" name="User E2E GET /users (List All Users) should return 401 when listing users without authentication" time="0.016">
    </testcase>
    <testcase classname="User E2E GET /users (List All Users) should return 401 with invalid token" name="User E2E GET /users (List All Users) should return 401 with invalid token" time="0.013">
    </testcase>
    <testcase classname="User E2E GET /users (List All Users) should include all created users in the list" name="User E2E GET /users (List All Users) should include all created users in the list" time="0.027">
    </testcase>
    <testcase classname="User E2E GET /users/:id (Get User By ID) should get user by id with authentication" name="User E2E GET /users/:id (Get User By ID) should get user by id with authentication" time="0.028">
    </testcase>
    <testcase classname="User E2E GET /users/:id (Get User By ID) should get another user by id" name="User E2E GET /users/:id (Get User By ID) should get another user by id" time="0.028">
    </testcase>
    <testcase classname="User E2E GET /users/:id (Get User By ID) should return 401 when getting user without authentication" name="User E2E GET /users/:id (Get User By ID) should return 401 when getting user without authentication" time="0.013">
    </testcase>
    <testcase classname="User E2E GET /users/:id (Get User By ID) should return 401 with invalid token" name="User E2E GET /users/:id (Get User By ID) should return 401 with invalid token" time="0.014">
    </testcase>
    <testcase classname="User E2E GET /users/:id (Get User By ID) should return 404 for non-existent user id" name="User E2E GET /users/:id (Get User By ID) should return 404 for non-existent user id" time="0.02">
    </testcase>
    <testcase classname="User E2E User Flow Integration should complete full user creation, login and retrieval flow" name="User E2E User Flow Integration should complete full user creation, login and retrieval flow" time="0.139">
    </testcase>
    <testcase classname="User E2E User Flow Integration should verify password is never exposed in responses" name="User E2E User Flow Integration should verify password is never exposed in responses" time="0.158">
    </testcase>
    <testcase classname="User E2E User Flow Integration should handle multiple concurrent user operations" name="User E2E User Flow Integration should handle multiple concurrent user operations" time="0.144">
    </testcase>
  </testsuite>
  <testsuite name="Auth E2E" errors="0" failures="0" skipped="0" timestamp="2025-11-30T15:59:15" time="1.434" tests="15">
    <testcase classname="Auth E2E POST /users (Register) should register a new user with valid data" name="Auth E2E POST /users (Register) should register a new user with valid data" time="0.086">
    </testcase>
    <testcase classname="Auth E2E POST /users (Register) should return 400 for missing required fields" name="Auth E2E POST /users (Register) should return 400 for missing required fields" time="0.022">
    </testcase>
    <testcase classname="Auth E2E POST /users (Register) should return 400 for invalid email format" name="Auth E2E POST /users (Register) should return 400 for invalid email format" time="0.019">
    </testcase>
    <testcase classname="Auth E2E POST /users (Register) should return 400 for password shorter than 6 characters" name="Auth E2E POST /users (Register) should return 400 for password shorter than 6 characters" time="0.019">
    </testcase>
    <testcase classname="Auth E2E POST /users (Register) should return 409 for duplicate email" name="Auth E2E POST /users (Register) should return 409 for duplicate email" time="0.085">
    </testcase>
    <testcase classname="Auth E2E POST /auth/login should login with valid credentials" name="Auth E2E POST /auth/login should login with valid credentials" time="0.049">
    </testcase>
    <testcase classname="Auth E2E POST /auth/login should return 401 for invalid email" name="Auth E2E POST /auth/login should return 401 for invalid email" time="0.021">
    </testcase>
    <testcase classname="Auth E2E POST /auth/login should return 401 for invalid password" name="Auth E2E POST /auth/login should return 401 for invalid password" time="0.042">
    </testcase>
    <testcase classname="Auth E2E POST /auth/login should return 401 for missing email" name="Auth E2E POST /auth/login should return 401 for missing email" time="0.016">
    </testcase>
    <testcase classname="Auth E2E POST /auth/login should return 401 for missing password" name="Auth E2E POST /auth/login should return 401 for missing password" time="0.015">
    </testcase>
    <testcase classname="Auth E2E POST /auth/login should return 400 for invalid email format" name="Auth E2E POST /auth/login should return 400 for invalid email format" time="0.018">
    </testcase>
    <testcase classname="Auth E2E Authentication Flow should complete full authentication flow: register -&gt; login -&gt; access protected route" name="Auth E2E Authentication Flow should complete full authentication flow: register -&gt; login -&gt; access protected route" time="0.121">
    </testcase>
    <testcase classname="Auth E2E Authentication Flow should return 401 when accessing protected route without token" name="Auth E2E Authentication Flow should return 401 when accessing protected route without token" time="0.013">
    </testcase>
    <testcase classname="Auth E2E Authentication Flow should return 401 when accessing protected route with invalid token" name="Auth E2E Authentication Flow should return 401 when accessing protected route with invalid token" time="0.013">
    </testcase>
    <testcase classname="Auth E2E Authentication Flow should return 401 when accessing protected route with malformed Authorization header" name="Auth E2E Authentication Flow should return 401 when accessing protected route with malformed Authorization header" time="0.013">
    </testcase>
  </testsuite>
  <testsuite name="App E2E (Healthcheck)" errors="0" failures="0" skipped="0" timestamp="2025-11-30T15:59:17" time="1.113" tests="10">
    <testcase classname="App E2E (Healthcheck) GET /health (Healthcheck) should return OK status" name="App E2E (Healthcheck) GET /health (Healthcheck) should return OK status" time="0.027">
    </testcase>
    <testcase classname="App E2E (Healthcheck) GET /health (Healthcheck) should return JSON content type" name="App E2E (Healthcheck) GET /health (Healthcheck) should return JSON content type" time="0.026">
    </testcase>
    <testcase classname="App E2E (Healthcheck) GET /health (Healthcheck) should work without authentication" name="App E2E (Healthcheck) GET /health (Healthcheck) should work without authentication" time="0.028">
    </testcase>
    <testcase classname="App E2E (Healthcheck) GET /health (Healthcheck) should have correct response structure" name="App E2E (Healthcheck) GET /health (Healthcheck) should have correct response structure" time="0.031">
    </testcase>
    <testcase classname="App E2E (Healthcheck) GET /health (Healthcheck) should be fast (&lt; 100ms)" name="App E2E (Healthcheck) GET /health (Healthcheck) should be fast (&lt; 100ms)" time="0.028">
    </testcase>
    <testcase classname="App E2E (Healthcheck) GET /health (Healthcheck) should be idempotent" name="App E2E (Healthcheck) GET /health (Healthcheck) should be idempotent" time="0.042">
    </testcase>
    <testcase classname="App E2E (Healthcheck) Error Handling should return 404 for non-existent routes" name="App E2E (Healthcheck) Error Handling should return 404 for non-existent routes" time="0.017">
    </testcase>
    <testcase classname="App E2E (Healthcheck) Error Handling should return 404 for /health with trailing slash" name="App E2E (Healthcheck) Error Handling should return 404 for /health with trailing slash" time="0.019">
    </testcase>
    <testcase classname="App E2E (Healthcheck) HTTP Methods should only accept GET method" name="App E2E (Healthcheck) HTTP Methods should only accept GET method" time="0.045">
    </testcase>
    <testcase classname="App E2E (Healthcheck) HTTP Methods should respond to HEAD requests if supported" name="App E2E (Healthcheck) HTTP Methods should respond to HEAD requests if supported" time="0.02">
    </testcase>
  </testsuite>
</testsuites>