<?xml version="1.0" encoding="UTF-8"?>
<testsuites name="jest tests" tests="87" failures="0" errors="0" time="4.675">
  <testsuite name="CreatePollUseCase" errors="0" failures="0" skipped="0" timestamp="2025-11-30T15:58:41" time="3.191" tests="9">
    <testcase classname="CreatePollUseCase execute should create a poll successfully" name="CreatePollUseCase execute should create a poll successfully" time="0.013">
    </testcase>
    <testcase classname="CreatePollUseCase execute should throw UserNotFoundError when user does not exist" name="CreatePollUseCase execute should throw UserNotFoundError when user does not exist" time="0.019">
    </testcase>
    <testcase classname="CreatePollUseCase execute should create a poll with PRIVATE type" name="CreatePollUseCase execute should create a poll with PRIVATE type" time="0.013">
    </testcase>
    <testcase classname="CreatePollUseCase execute should create a poll with two options" name="CreatePollUseCase execute should create a poll with two options" time="0.004">
    </testcase>
    <testcase classname="CreatePollUseCase execute should create a poll with multiple options" name="CreatePollUseCase execute should create a poll with multiple options" time="0.004">
    </testcase>
    <testcase classname="CreatePollUseCase execute should handle repository creation error" name="CreatePollUseCase execute should handle repository creation error" time="0.005">
    </testcase>
    <testcase classname="CreatePollUseCase execute should create poll options with correct mapping" name="CreatePollUseCase execute should create poll options with correct mapping" time="0.003">
    </testcase>
    <testcase classname="CreatePollUseCase execute should handle user repository error" name="CreatePollUseCase execute should handle user repository error" time="0.004">
    </testcase>
    <testcase classname="CreatePollUseCase execute should maintain poll data integrity" name="CreatePollUseCase execute should maintain poll data integrity" time="0.004">
    </testcase>
  </testsuite>
  <testsuite name="CreateVoteUseCase" errors="0" failures="0" skipped="0" timestamp="2025-11-30T15:58:44" time="0.188" tests="13">
    <testcase classname="CreateVoteUseCase execute should create a vote successfully" name="CreateVoteUseCase execute should create a vote successfully" time="0.005">
    </testcase>
    <testcase classname="CreateVoteUseCase execute should throw UserNotFoundError when user does not exist" name="CreateVoteUseCase execute should throw UserNotFoundError when user does not exist" time="0.017">
    </testcase>
    <testcase classname="CreateVoteUseCase execute should throw PollNotFoundError when poll does not exist" name="CreateVoteUseCase execute should throw PollNotFoundError when poll does not exist" time="0.004">
    </testcase>
    <testcase classname="CreateVoteUseCase execute should throw PollOptionNotFoundError when option does not exist" name="CreateVoteUseCase execute should throw PollOptionNotFoundError when option does not exist" time="0.003">
    </testcase>
    <testcase classname="CreateVoteUseCase execute should throw UserAlreadyVotedError when user has already voted" name="CreateVoteUseCase execute should throw UserAlreadyVotedError when user has already voted" time="0.002">
    </testcase>
    <testcase classname="CreateVoteUseCase execute should publish realtime update with correct data" name="CreateVoteUseCase execute should publish realtime update with correct data" time="0.003">
    </testcase>
    <testcase classname="CreateVoteUseCase execute should not publish realtime update when voted option is not found in results" name="CreateVoteUseCase execute should not publish realtime update when voted option is not found in results" time="0.002">
    </testcase>
    <testcase classname="CreateVoteUseCase execute should handle vote creation for different poll option" name="CreateVoteUseCase execute should handle vote creation for different poll option" time="0.003">
    </testcase>
    <testcase classname="CreateVoteUseCase execute should handle repository error when creating vote" name="CreateVoteUseCase execute should handle repository error when creating vote" time="0.008">
    </testcase>
    <testcase classname="CreateVoteUseCase execute should handle repository error when getting poll results" name="CreateVoteUseCase execute should handle repository error when getting poll results" time="0.002">
    </testcase>
    <testcase classname="CreateVoteUseCase execute should validate all entities before creating vote" name="CreateVoteUseCase execute should validate all entities before creating vote" time="0.003">
    </testcase>
    <testcase classname="CreateVoteUseCase execute should create vote entity with correct properties" name="CreateVoteUseCase execute should create vote entity with correct properties" time="0.002">
    </testcase>
    <testcase classname="CreateVoteUseCase execute should handle realtime port publish failure gracefully" name="CreateVoteUseCase execute should handle realtime port publish failure gracefully" time="0.004">
    </testcase>
  </testsuite>
  <testsuite name="GetPollByIdUseCase" errors="0" failures="0" skipped="0" timestamp="2025-11-30T15:58:44" time="0.131" tests="14">
    <testcase classname="GetPollByIdUseCase execute should get public poll by id successfully with vote counts" name="GetPollByIdUseCase execute should get public poll by id successfully with vote counts" time="0.007">
    </testcase>
    <testcase classname="GetPollByIdUseCase execute should get public poll by id with userId" name="GetPollByIdUseCase execute should get public poll by id with userId" time="0.002">
    </testcase>
    <testcase classname="GetPollByIdUseCase execute should get private poll by id when userId is provided" name="GetPollByIdUseCase execute should get private poll by id when userId is provided" time="0.002">
    </testcase>
    <testcase classname="GetPollByIdUseCase execute should throw PollNotFoundError when poll does not exist" name="GetPollByIdUseCase execute should throw PollNotFoundError when poll does not exist" time="0.011">
    </testcase>
    <testcase classname="GetPollByIdUseCase execute should throw UnauthorizedPollAccessError when accessing private poll without userId" name="GetPollByIdUseCase execute should throw UnauthorizedPollAccessError when accessing private poll without userId" time="0.002">
    </testcase>
    <testcase classname="GetPollByIdUseCase execute should throw UnauthorizedPollAccessError when accessing private poll with undefined userId" name="GetPollByIdUseCase execute should throw UnauthorizedPollAccessError when accessing private poll with undefined userId" time="0.002">
    </testcase>
    <testcase classname="GetPollByIdUseCase execute should return poll with zero votes when no votes exist" name="GetPollByIdUseCase execute should return poll with zero votes when no votes exist" time="0.002">
    </testcase>
    <testcase classname="GetPollByIdUseCase execute should return poll with votes for only one option" name="GetPollByIdUseCase execute should return poll with votes for only one option" time="0.003">
    </testcase>
    <testcase classname="GetPollByIdUseCase execute should calculate totalVotes correctly with multiple vote counts" name="GetPollByIdUseCase execute should calculate totalVotes correctly with multiple vote counts" time="0.003">
    </testcase>
    <testcase classname="GetPollByIdUseCase execute should include all poll properties in the result" name="GetPollByIdUseCase execute should include all poll properties in the result" time="0.006">
    </testcase>
    <testcase classname="GetPollByIdUseCase execute should handle repository error when getting poll" name="GetPollByIdUseCase execute should handle repository error when getting poll" time="0.004">
    </testcase>
    <testcase classname="GetPollByIdUseCase execute should handle repository error when counting votes" name="GetPollByIdUseCase execute should handle repository error when counting votes" time="0.004">
    </testcase>
    <testcase classname="GetPollByIdUseCase execute should handle very large vote counts" name="GetPollByIdUseCase execute should handle very large vote counts" time="0.002">
    </testcase>
    <testcase classname="GetPollByIdUseCase execute should preserve poll relations (creator and options)" name="GetPollByIdUseCase execute should preserve poll relations (creator and options)" time="0.003">
    </testcase>
  </testsuite>
  <testsuite name="GetAllPollsUseCase" errors="0" failures="0" skipped="0" timestamp="2025-11-30T15:58:44" time="0.129" tests="15">
    <testcase classname="GetAllPollsUseCase execute should get all polls successfully with default pagination" name="GetAllPollsUseCase execute should get all polls successfully with default pagination" time="0.004">
    </testcase>
    <testcase classname="GetAllPollsUseCase execute should get polls with custom pagination" name="GetAllPollsUseCase execute should get polls with custom pagination" time="0.003">
    </testcase>
    <testcase classname="GetAllPollsUseCase execute should get second page of polls" name="GetAllPollsUseCase execute should get second page of polls" time="0.002">
    </testcase>
    <testcase classname="GetAllPollsUseCase execute should return empty array when no polls exist" name="GetAllPollsUseCase execute should return empty array when no polls exist" time="0.002">
    </testcase>
    <testcase classname="GetAllPollsUseCase execute should include poll relations (creator and options)" name="GetAllPollsUseCase execute should include poll relations (creator and options)" time="0.002">
    </testcase>
    <testcase classname="GetAllPollsUseCase execute should handle polls with different types (PUBLIC and PRIVATE)" name="GetAllPollsUseCase execute should handle polls with different types (PUBLIC and PRIVATE)" time="0.002">
    </testcase>
    <testcase classname="GetAllPollsUseCase execute should throw error when repository fails" name="GetAllPollsUseCase execute should throw error when repository fails" time="0.019">
    </testcase>
    <testcase classname="GetAllPollsUseCase execute should handle large limit values" name="GetAllPollsUseCase execute should handle large limit values" time="0.003">
    </testcase>
    <testcase classname="GetAllPollsUseCase execute should handle page beyond available data" name="GetAllPollsUseCase execute should handle page beyond available data" time="0.002">
    </testcase>
    <testcase classname="GetAllPollsUseCase execute should search polls by title" name="GetAllPollsUseCase execute should search polls by title" time="0.002">
    </testcase>
    <testcase classname="GetAllPollsUseCase execute should search polls and return empty when no matches" name="GetAllPollsUseCase execute should search polls and return empty when no matches" time="0.003">
    </testcase>
    <testcase classname="GetAllPollsUseCase execute should search polls with pagination" name="GetAllPollsUseCase execute should search polls with pagination" time="0.003">
    </testcase>
    <testcase classname="GetAllPollsUseCase execute should handle empty search string" name="GetAllPollsUseCase execute should handle empty search string" time="0.002">
    </testcase>
    <testcase classname="GetAllPollsUseCase execute should filter polls by userId when provided" name="GetAllPollsUseCase execute should filter polls by userId when provided" time="0.003">
    </testcase>
    <testcase classname="GetAllPollsUseCase execute should filter polls by userId with search term" name="GetAllPollsUseCase execute should filter polls by userId with search term" time="0.003">
    </testcase>
  </testsuite>
  <testsuite name="RemoveVoteUseCase" errors="0" failures="0" skipped="0" timestamp="2025-11-30T15:58:44" time="0.082" tests="8">
    <testcase classname="RemoveVoteUseCase execute should remove a vote successfully and publish realtime update" name="RemoveVoteUseCase execute should remove a vote successfully and publish realtime update" time="0.003">
    </testcase>
    <testcase classname="RemoveVoteUseCase execute should throw VoteNotFoundError when vote does not exist" name="RemoveVoteUseCase execute should throw VoteNotFoundError when vote does not exist" time="0.011">
    </testcase>
    <testcase classname="RemoveVoteUseCase execute should throw VoteNotFoundError with correct message" name="RemoveVoteUseCase execute should throw VoteNotFoundError with correct message" time="0.002">
    </testcase>
    <testcase classname="RemoveVoteUseCase execute should propagate repository errors from findByUserAndPoll" name="RemoveVoteUseCase execute should propagate repository errors from findByUserAndPoll" time="0.003">
    </testcase>
    <testcase classname="RemoveVoteUseCase execute should propagate repository errors from delete" name="RemoveVoteUseCase execute should propagate repository errors from delete" time="0.002">
    </testcase>
    <testcase classname="RemoveVoteUseCase execute should propagate repository errors from getResultsById" name="RemoveVoteUseCase execute should propagate repository errors from getResultsById" time="0.002">
    </testcase>
    <testcase classname="RemoveVoteUseCase execute should handle different user and poll IDs" name="RemoveVoteUseCase execute should handle different user and poll IDs" time="0.002">
    </testcase>
    <testcase classname="RemoveVoteUseCase execute should not publish update when voted option is not found in results" name="RemoveVoteUseCase execute should not publish update when voted option is not found in results" time="0.002">
    </testcase>
  </testsuite>
  <testsuite name="GetAllUsersUseCase" errors="0" failures="0" skipped="0" timestamp="2025-11-30T15:58:45" time="0.077" tests="7">
    <testcase classname="GetAllUsersUseCase execute should get all users successfully" name="GetAllUsersUseCase execute should get all users successfully" time="0.003">
    </testcase>
    <testcase classname="GetAllUsersUseCase execute should return empty array when no users exist" name="GetAllUsersUseCase execute should return empty array when no users exist" time="0.002">
    </testcase>
    <testcase classname="GetAllUsersUseCase execute should not include password in any user response" name="GetAllUsersUseCase execute should not include password in any user response" time="0.002">
    </testcase>
    <testcase classname="GetAllUsersUseCase execute should handle users with and without lastLogin" name="GetAllUsersUseCase execute should handle users with and without lastLogin" time="0.002">
    </testcase>
    <testcase classname="GetAllUsersUseCase execute should propagate repository errors" name="GetAllUsersUseCase execute should propagate repository errors" time="0.011">
    </testcase>
    <testcase classname="GetAllUsersUseCase execute should handle single user array" name="GetAllUsersUseCase execute should handle single user array" time="0.003">
    </testcase>
    <testcase classname="GetAllUsersUseCase execute should correctly map all user fields" name="GetAllUsersUseCase execute should correctly map all user fields" time="0.002">
    </testcase>
  </testsuite>
  <testsuite name="CreateUserUseCase" errors="0" failures="0" skipped="0" timestamp="2025-11-30T15:58:45" time="0.08" tests="5">
    <testcase classname="CreateUserUseCase execute should create a user successfully" name="CreateUserUseCase execute should create a user successfully" time="0.003">
    </testcase>
    <testcase classname="CreateUserUseCase execute should create a user without lastLogin" name="CreateUserUseCase execute should create a user without lastLogin" time="0.002">
    </testcase>
    <testcase classname="CreateUserUseCase execute should propagate repository errors" name="CreateUserUseCase execute should propagate repository errors" time="0.007">
    </testcase>
    <testcase classname="CreateUserUseCase execute should throw error when trying to create a new user" name="CreateUserUseCase execute should throw error when trying to create a new user" time="0.003">
    </testcase>
    <testcase classname="CreateUserUseCase execute should handle user creation with all fields" name="CreateUserUseCase execute should handle user creation with all fields" time="0.003">
    </testcase>
  </testsuite>
  <testsuite name="GetUserByIdUseCase" errors="0" failures="0" skipped="0" timestamp="2025-11-30T15:58:45" time="0.07" tests="6">
    <testcase classname="GetUserByIdUseCase execute should get user by id successfully" name="GetUserByIdUseCase execute should get user by id successfully" time="0.002">
    </testcase>
    <testcase classname="GetUserByIdUseCase execute should throw UserNotFoundError when user does not exist" name="GetUserByIdUseCase execute should throw UserNotFoundError when user does not exist" time="0.006">
    </testcase>
    <testcase classname="GetUserByIdUseCase execute should throw UserNotFoundError with correct message" name="GetUserByIdUseCase execute should throw UserNotFoundError with correct message" time="0.001">
    </testcase>
    <testcase classname="GetUserByIdUseCase execute should get user without lastLogin" name="GetUserByIdUseCase execute should get user without lastLogin" time="0.001">
    </testcase>
    <testcase classname="GetUserByIdUseCase execute should propagate repository errors" name="GetUserByIdUseCase execute should propagate repository errors" time="0.002">
    </testcase>
    <testcase classname="GetUserByIdUseCase execute should not include password in the response" name="GetUserByIdUseCase execute should not include password in the response" time="0.002">
    </testcase>
  </testsuite>
  <testsuite name="AuthenticateUseCase" errors="0" failures="0" skipped="0" timestamp="2025-11-30T15:58:45" time="0.068" tests="6">
    <testcase classname="AuthenticateUseCase validateUser should return false when email is empty" name="AuthenticateUseCase validateUser should return false when email is empty" time="0.002">
    </testcase>
    <testcase classname="AuthenticateUseCase validateUser should return false when password is empty" name="AuthenticateUseCase validateUser should return false when password is empty" time="0.002">
    </testcase>
    <testcase classname="AuthenticateUseCase validateUser should return true when email and password are provided" name="AuthenticateUseCase validateUser should return true when email and password are provided" time="0.001">
    </testcase>
    <testcase classname="AuthenticateUseCase execute should authenticate user successfully" name="AuthenticateUseCase execute should authenticate user successfully" time="0.002">
    </testcase>
    <testcase classname="AuthenticateUseCase execute should throw WrongCredentialsError when user is not found" name="AuthenticateUseCase execute should throw WrongCredentialsError when user is not found" time="0.007">
    </testcase>
    <testcase classname="AuthenticateUseCase execute should throw WrongCredentialsError when password is invalid" name="AuthenticateUseCase execute should throw WrongCredentialsError when password is invalid" time="0.002">
    </testcase>
  </testsuite>
  <testsuite name="WrongCredentialsError" errors="0" failures="0" skipped="0" timestamp="2025-11-30T15:58:45" time="0.058" tests="2">
    <testcase classname="WrongCredentialsError should extend Error with correct name and message" name="WrongCredentialsError should extend Error with correct name and message" time="0.001">
    </testcase>
    <testcase classname="WrongCredentialsError should have a proper stack trace" name="WrongCredentialsError should have a proper stack trace" time="0.004">
    </testcase>
  </testsuite>
  <testsuite name="User entity" errors="0" failures="0" skipped="0" timestamp="2025-11-30T15:58:45" time="0.047" tests="2">
    <testcase classname="User entity should assign given partial properties in constructor" name="User entity should assign given partial properties in constructor" time="0.002">
    </testcase>
    <testcase classname="User entity should allow constructing with no props and then setting fields" name="User entity should allow constructing with no props and then setting fields" time="0.001">
    </testcase>
  </testsuite>
</testsuites>